TN:
SF:src\controllers\menuItemController.js
FN:3,(anonymous_0)
FN:5,(anonymous_1)
FN:30,(anonymous_2)
FN:40,(anonymous_3)
FN:64,(anonymous_4)
FN:96,(anonymous_5)
FN:106,(anonymous_6)
FNF:7
FNH:7
FNDA:6,(anonymous_0)
FNDA:3,(anonymous_1)
FNDA:3,(anonymous_2)
FNDA:4,(anonymous_3)
FNDA:5,(anonymous_4)
FNDA:3,(anonymous_5)
FNDA:3,(anonymous_6)
DA:1,1
DA:3,6
DA:5,1
DA:6,3
DA:7,3
DA:8,3
DA:10,3
DA:11,3
DA:13,2
DA:14,0
DA:15,0
DA:16,0
DA:19,2
DA:20,2
DA:23,3
DA:24,2
DA:26,1
DA:30,1
DA:31,3
DA:32,3
DA:33,2
DA:34,1
DA:36,1
DA:40,1
DA:41,4
DA:42,4
DA:44,4
DA:49,4
DA:50,1
DA:53,3
DA:54,3
DA:55,1
DA:57,2
DA:58,1
DA:60,1
DA:64,1
DA:65,5
DA:66,5
DA:68,5
DA:71,3
DA:72,3
DA:74,2
DA:80,2
DA:81,1
DA:85,3
DA:86,2
DA:87,1
DA:89,1
DA:90,0
DA:92,1
DA:96,1
DA:97,3
DA:98,3
DA:99,2
DA:100,1
DA:102,1
DA:106,1
DA:107,3
DA:108,3
DA:110,3
DA:111,0
DA:114,3
DA:115,1
DA:118,2
DA:125,2
DA:130,2
DA:131,2
DA:133,0
DA:137,1
LF:69
LH:63
BRDA:8,0,0,3
BRDA:8,0,1,0
BRDA:11,1,0,1
BRDA:11,1,1,2
BRDA:13,2,0,0
BRDA:13,2,1,2
BRDA:15,3,0,0
BRDA:15,3,1,0
BRDA:33,4,0,1
BRDA:33,4,1,1
BRDA:49,5,0,1
BRDA:49,5,1,3
BRDA:57,6,0,1
BRDA:57,6,1,1
BRDA:68,7,0,3
BRDA:68,7,1,2
BRDA:72,8,0,1
BRDA:72,8,1,2
BRDA:80,9,0,1
BRDA:80,9,1,1
BRDA:86,10,0,1
BRDA:86,10,1,1
BRDA:89,11,0,0
BRDA:89,11,1,1
BRDA:99,12,0,1
BRDA:99,12,1,1
BRDA:110,13,0,0
BRDA:110,13,1,3
BRDA:114,14,0,1
BRDA:114,14,1,2
BRDA:114,15,0,3
BRDA:114,15,1,2
BRDA:120,16,0,1
BRDA:120,16,1,1
BRDA:130,17,0,0
BRDA:130,17,1,2
BRF:36
BRH:29
end_of_record
TN:
SF:src\models\MenuItem.js
FNF:0
FNH:0
DA:1,1
DA:2,1
DA:4,1
DA:41,1
DA:42,1
DA:43,1
DA:45,1
LF:7
LH:7
BRF:0
BRH:0
end_of_record
