TN:
SF:src\controllers\orderController.js
FN:4,(anonymous_0)
FN:15,(anonymous_1)
FN:27,(anonymous_2)
FN:37,(anonymous_3)
FNF:4
FNH:4
FNDA:2,(anonymous_0)
FNDA:3,(anonymous_1)
FNDA:2,(anonymous_2)
FNDA:3,(anonymous_3)
DA:2,1
DA:4,1
DA:5,2
DA:6,2
DA:9,1
DA:11,1
DA:15,1
DA:16,3
DA:17,3
DA:20,2
DA:21,1
DA:23,1
DA:27,1
DA:28,2
DA:29,2
DA:30,2
DA:31,1
DA:33,1
DA:37,1
DA:38,3
DA:39,3
DA:44,2
DA:45,1
DA:47,1
DA:51,1
LF:25
LH:25
BRDA:20,0,0,1
BRDA:20,0,1,1
BRDA:44,1,0,1
BRDA:44,1,1,1
BRF:4
BRH:4
end_of_record
TN:
SF:src\models\Order.js
FNF:0
FNH:0
DA:2,1
DA:3,1
DA:5,1
DA:54,1
DA:55,1
DA:57,1
LF:6
LH:6
BRF:0
BRH:0
end_of_record
